<?xml version="1.0" encoding="UTF-8"?>
<!-- Generated by org.testng.reporters.JUnitXMLReporter -->
<testsuite hostname="AMOL-PC" name="Test" tests="1" failures="1" timestamp="20 Oct 2018 17:43:16 GMT" time="32.247" errors="0">
  <testcase name="verifyKindleOrderPage" time="0.04" classname="com.amazon.testscript.VerifyKindleOrderPageTest">
    <failure type="java.lang.NullPointerException">
      <![CDATA[java.lang.NullPointerException
	at com.amazon.testscript.VerifyKindleOrderPageTest.verifyKindleOrderPage(VerifyKindleOrderPageTest.java:15)
... Removed 24 stack frames]]>
    </failure>
  </testcase> <!-- verifyKindleOrderPage -->
</testsuite> <!-- Test -->
