<?xml version="1.0" encoding="UTF-8"?>
<testng-results skipped="0" failed="1" total="1" passed="0">
  <reporter-output>
  </reporter-output>
  <suite name="Suite" duration-ms="32247" started-at="2018-10-20T17:42:43Z" finished-at="2018-10-20T17:43:15Z">
    <groups>
    </groups>
    <test name="Test" duration-ms="32247" started-at="2018-10-20T17:42:43Z" finished-at="2018-10-20T17:43:15Z">
      <class name="com.amazon.testscript.VerifyKindleOrderPageTest">
        <test-method status="PASS" signature="setupDriver()[pri:0, instance:com.amazon.testscript.VerifyKindleOrderPageTest@17fd0e6]" name="setupDriver" is-config="true" duration-ms="28791" started-at="2018-10-20T23:12:43Z" finished-at="2018-10-20T23:13:12Z">
          <reporter-output>
          </reporter-output>
        </test-method> <!-- setupDriver -->
        <test-method status="FAIL" signature="verifyKindleOrderPage()[pri:0, instance:com.amazon.testscript.VerifyKindleOrderPageTest@17fd0e6]" name="verifyKindleOrderPage" duration-ms="40" started-at="2018-10-20T23:13:12Z" finished-at="2018-10-20T23:13:12Z">
          <exception class="java.lang.NullPointerException">
            <full-stacktrace>
              <![CDATA[java.lang.NullPointerException
	at com.amazon.testscript.VerifyKindleOrderPageTest.verifyKindleOrderPage(VerifyKindleOrderPageTest.java:15)
	at sun.reflect.NativeMethodAccessorImpl.invoke0(Native Method)
	at sun.reflect.NativeMethodAccessorImpl.invoke(NativeMethodAccessorImpl.java:62)
	at sun.reflect.DelegatingMethodAccessorImpl.invoke(DelegatingMethodAccessorImpl.java:43)
	at java.lang.reflect.Method.invoke(Method.java:498)
	at org.testng.internal.MethodInvocationHelper.invokeMethod(MethodInvocationHelper.java:86)
	at org.testng.internal.Invoker.invokeMethod(Invoker.java:643)
	at org.testng.internal.Invoker.invokeTestMethod(Invoker.java:820)
	at org.testng.internal.Invoker.invokeTestMethods(Invoker.java:1128)
	at org.testng.internal.TestMethodWorker.invokeTestMethods(TestMethodWorker.java:129)
	at org.testng.internal.TestMethodWorker.run(TestMethodWorker.java:112)
	at org.testng.TestRunner.privateRun(TestRunner.java:782)
	at org.testng.TestRunner.run(TestRunner.java:632)
	at org.testng.SuiteRunner.runTest(SuiteRunner.java:366)
	at org.testng.SuiteRunner.runSequentially(SuiteRunner.java:361)
	at org.testng.SuiteRunner.privateRun(SuiteRunner.java:319)
	at org.testng.SuiteRunner.run(SuiteRunner.java:268)
	at org.testng.SuiteRunnerWorker.runSuite(SuiteRunnerWorker.java:52)
	at org.testng.SuiteRunnerWorker.run(SuiteRunnerWorker.java:86)
	at org.testng.TestNG.runSuitesSequentially(TestNG.java:1244)
	at org.testng.TestNG.runSuitesLocally(TestNG.java:1169)
	at org.testng.TestNG.run(TestNG.java:1064)
	at org.testng.remote.AbstractRemoteTestNG.run(AbstractRemoteTestNG.java:114)
	at org.testng.remote.RemoteTestNG.initAndRun(RemoteTestNG.java:251)
	at org.testng.remote.RemoteTestNG.main(RemoteTestNG.java:77)
]]>
            </full-stacktrace>
          </exception> <!-- java.lang.NullPointerException -->
          <reporter-output>
          </reporter-output>
        </test-method> <!-- verifyKindleOrderPage -->
        <test-method status="PASS" signature="closeDriver()[pri:0, instance:com.amazon.testscript.VerifyKindleOrderPageTest@17fd0e6]" name="closeDriver" is-config="true" duration-ms="3258" started-at="2018-10-20T23:13:12Z" finished-at="2018-10-20T23:13:15Z">
          <reporter-output>
          </reporter-output>
        </test-method> <!-- closeDriver -->
      </class> <!-- com.amazon.testscript.VerifyKindleOrderPageTest -->
    </test> <!-- Test -->
  </suite> <!-- Suite -->
</testng-results>
